talkaround/app/build/outputs/logs/manifest-merger-debug-report.txt
-- Merging decision tree log ---
manifest
ADDED from src\main\AndroidManifest.xml:2:1-75:12
	package
		ADDED from src\main\AndroidManifest.xml:3:60-80
		INJECTED from src\main\AndroidManifest.xml
		INJECTED from src\main\AndroidManifest.xml
	android:versionName
		ADDED from src\main\AndroidManifest.xml:3:32-59
		INJECTED from src\main\AndroidManifest.xml
		INJECTED from src\main\AndroidManifest.xml
	android:versionCode
		ADDED from src\main\AndroidManifest.xml:3:7-31
		INJECTED from src\main\AndroidManifest.xml
		INJECTED from src\main\AndroidManifest.xml
	xmlns:android
		ADDED from src\main\AndroidManifest.xml:2:11-69
	android:installLocation
		ADDED from src\main\AndroidManifest.xml:3:81-111
uses-sdk
ADDED from src\main\AndroidManifest.xml:5:5-72
MERGED from [talkaround:nmaps:unspecified] AndroidManifest.xml:7:5-9:41
	android:targetSdkVersion
		ADDED from src\main\AndroidManifest.xml:5:41-70
		INJECTED from src\main\AndroidManifest.xml
		INJECTED from src\main\AndroidManifest.xml
	android:minSdkVersion
		ADDED from src\main\AndroidManifest.xml:5:15-40
		INJECTED from src\main\AndroidManifest.xml
		INJECTED from src\main\AndroidManifest.xml
permission#org.mixare.permission.MAPS_RECEIVE
ADDED from src\main\AndroidManifest.xml:7:5-9:47
	android:protectionLevel
		ADDED from src\main\AndroidManifest.xml:9:9-44
	android:name
		ADDED from src\main\AndroidManifest.xml:8:9-58
uses-permission#org.mixare.permission.MAPS_RECEIVE
ADDED from src\main\AndroidManifest.xml:11:5-74
	android:name
		ADDED from src\main\AndroidManifest.xml:11:22-71
uses-permission#android.permission.ACCESS_NETWORK_STATE
ADDED from src\main\AndroidManifest.xml:12:2-76
	android:name
		ADDED from src\main\AndroidManifest.xml:12:19-73
uses-permission#android.permission.ACCESS_FINE_LOCATION
ADDED from src\main\AndroidManifest.xml:13:2-76
	android:name
		ADDED from src\main\AndroidManifest.xml:13:19-73
uses-permission#android.permission.INTERNET
ADDED from src\main\AndroidManifest.xml:14:2-64
	android:name
		ADDED from src\main\AndroidManifest.xml:14:19-61
uses-permission#android.permission.CAMERA
ADDED from src\main\AndroidManifest.xml:15:2-62
	android:name
		ADDED from src\main\AndroidManifest.xml:15:19-59
application
ADDED from src\main\AndroidManifest.xml:17:5-71:15
MERGED from [talkaround:nmaps:unspecified] AndroidManifest.xml:11:5-14:19
	android:label
		ADDED from src\main\AndroidManifest.xml:17:18-50
	android:icon
		ADDED from src\main\AndroidManifest.xml:17:51-80
	android:allowBackup
		ADDED from [talkaround:nmaps:unspecified] AndroidManifest.xml:12:9-35
uses-library#com.google.android.maps
ADDED from src\main\AndroidManifest.xml:18:6-61
	android:name
		ADDED from src\main\AndroidManifest.xml:18:20-58
activity#org.mixare.MixView
ADDED from src\main\AndroidManifest.xml:20:9-45:20
	android:screenOrientation
		ADDED from src\main\AndroidManifest.xml:21:9-46
	android:label
		ADDED from src\main\AndroidManifest.xml:20:19-51
	android:launchMode
		ADDED from src\main\AndroidManifest.xml:22:9-39
	android:name
		ADDED from src\main\AndroidManifest.xml:20:52-75
intent-filter#android.intent.action.MAIN+android.intent.category.LAUNCHER
ADDED from src\main\AndroidManifest.xml:24:13-27:29
action#android.intent.action.MAIN
ADDED from src\main\AndroidManifest.xml:25:17-69
	android:name
		ADDED from src\main\AndroidManifest.xml:25:25-66
category#android.intent.category.LAUNCHER
ADDED from src\main\AndroidManifest.xml:26:17-77
	android:name
		ADDED from src\main\AndroidManifest.xml:26:27-74
intent-filter#android.intent.action.VIEW+android.intent.category.BROWSABLE+android.intent.category.DEFAULT
ADDED from src\main\AndroidManifest.xml:29:13-36:29
action#android.intent.action.VIEW
ADDED from src\main\AndroidManifest.xml:30:19-71
	android:name
		ADDED from src\main\AndroidManifest.xml:30:27-68
category#android.intent.category.DEFAULT
ADDED from src\main\AndroidManifest.xml:31:7-66
	android:name
		ADDED from src\main\AndroidManifest.xml:31:17-63
category#android.intent.category.BROWSABLE
ADDED from src\main\AndroidManifest.xml:32:7-68
	android:name
		ADDED from src\main\AndroidManifest.xml:32:17-65
data
ADDED from src\main\AndroidManifest.xml:33:7-79
	android:scheme
		ADDED from src\main\AndroidManifest.xml:33:13-34
	android:mimeType
		ADDED from src\main\AndroidManifest.xml:33:35-77
intent-filter#android.intent.action.SEARCH
ADDED from src\main\AndroidManifest.xml:38:13-40:26
action#android.intent.action.SEARCH
ADDED from src\main\AndroidManifest.xml:39:14-67
	android:name
		ADDED from src\main\AndroidManifest.xml:39:22-65
meta-data#android.app.searchable
ADDED from src\main\AndroidManifest.xml:41:10-42:57
	android:resource
		ADDED from src\main\AndroidManifest.xml:42:21-55
	android:name
		ADDED from src\main\AndroidManifest.xml:41:21-58
meta-data#android.app.default_searchable
ADDED from src\main\AndroidManifest.xml:43:13-44:45
	android:value
		ADDED from src\main\AndroidManifest.xml:44:18-42
	android:name
		ADDED from src\main\AndroidManifest.xml:43:24-69
activity#org.mixare.MixListView
ADDED from src\main\AndroidManifest.xml:47:3-55:14
	android:screenOrientation
		ADDED from src\main\AndroidManifest.xml:48:4-41
	android:launchMode
		ADDED from src\main\AndroidManifest.xml:49:4-34
	android:name
		ADDED from src\main\AndroidManifest.xml:47:13-39
activity#org.mixare.MixNaverMap
ADDED from src\main\AndroidManifest.xml:57:3-65:14
	android:screenOrientation
		ADDED from src\main\AndroidManifest.xml:58:4-41
	android:launchMode
		ADDED from src\main\AndroidManifest.xml:59:4-34
	android:name
		ADDED from src\main\AndroidManifest.xml:57:13-39
activity#org.mixare.HttpPostSNS
ADDED from src\main\AndroidManifest.xml:67:3-70:14
	android:screenOrientation
		ADDED from src\main\AndroidManifest.xml:68:6-43
	android:name
		ADDED from src\main\AndroidManifest.xml:67:13-39
uses-permission#android.permission.WAKE_LOCK
ADDED from src\main\AndroidManifest.xml:73:1-80
	android:name
		ADDED from src\main\AndroidManifest.xml:73:18-61